<?xml version="1.0" encoding="UTF-8"?>
<!-- Generated by org.testng.reporters.JUnitReportReporter -->
<testsuite skipped="0" hostname="DESKTOP-H502BT9" name="tests.LoginTests" tests="2" failures="0" timestamp="2022-03-23T15:37:17 EET" time="11.124" errors="0">
  <testcase name="emptyInputsLogin" time="6.060" classname="tests.LoginTests"/>
  <system-out/>
  <testcase name="successLogin" time="5.064" classname="tests.LoginTests"/>
  <system-out/>
</testsuite> <!-- tests.LoginTests -->
